<?xml version="1.0" encoding="UTF-8"?>
<!-- Generated by org.testng.reporters.JUnitReportReporter -->
<testsuite hostname="L-IDCM1V8G8W-M" name="sdetinterviewquestions.KthLastElemLinkedList" tests="1" failures="0" timestamp="7 Apr 2018 11:10:03 GMT" time="0.010" errors="0">
  <testcase name="testCase1" time="0.010" classname="sdetinterviewquestions.KthLastElemLinkedList"/>
</testsuite> <!-- sdetinterviewquestions.KthLastElemLinkedList -->
