<?xml version="1.0" encoding="UTF-8"?>
<!-- Generated by org.testng.reporters.JUnitReportReporter -->
<testsuite hostname="L-IDCM1V8G8W-M" name="sdetinterviewquestions.WeightedRandomMessage" tests="4" failures="0" timestamp="7 Apr 2018 06:59:19 GMT" time="0.013" errors="0">
  <testcase name="testCase3" time="0.001" classname="sdetinterviewquestions.WeightedRandomMessage"/>
  <testcase name="testCase4" time="0.001" classname="sdetinterviewquestions.WeightedRandomMessage"/>
  <testcase name="testCase1" time="0.010" classname="sdetinterviewquestions.WeightedRandomMessage"/>
  <testcase name="testCase2" time="0.001" classname="sdetinterviewquestions.WeightedRandomMessage"/>
</testsuite> <!-- sdetinterviewquestions.WeightedRandomMessage -->
